<?xml version="1.0" encoding="UTF-8"?>
<testng-results skipped="0" failed="0" ignored="0" total="1" passed="1">
  <reporter-output>
  </reporter-output>
  <suite name="Sanity Suite" duration-ms="39534" started-at="2018-11-30T13:19:01Z" finished-at="2018-11-30T13:19:40Z">
    <groups>
    </groups>
    <test name="High Priority Test" duration-ms="39534" started-at="2018-11-30T13:19:01Z" finished-at="2018-11-30T13:19:40Z">
      <class name="com.zoho.personalInfo.PersonalInfoTest">
        <test-method status="PASS" signature="setUp()[pri:0, instance:com.zoho.personalInfo.PersonalInfoTest@dc24521]" name="setUp" is-config="true" duration-ms="25675" started-at="2018-11-30T13:19:01Z" finished-at="2018-11-30T13:19:26Z">
          <reporter-output>
          </reporter-output>
        </test-method> <!-- setUp -->
        <test-method status="PASS" signature="testPersonalInfo()[pri:0, instance:com.zoho.personalInfo.PersonalInfoTest@dc24521]" name="testPersonalInfo" duration-ms="9931" started-at="2018-11-30T13:19:26Z" finished-at="2018-11-30T13:19:36Z">
          <reporter-output>
          </reporter-output>
        </test-method> <!-- testPersonalInfo -->
        <test-method status="PASS" signature="cleanUp()[pri:0, instance:com.zoho.personalInfo.PersonalInfoTest@dc24521]" name="cleanUp" is-config="true" duration-ms="3906" started-at="2018-11-30T13:19:36Z" finished-at="2018-11-30T13:19:40Z">
          <reporter-output>
          </reporter-output>
        </test-method> <!-- cleanUp -->
      </class> <!-- com.zoho.personalInfo.PersonalInfoTest -->
    </test> <!-- High Priority Test -->
  </suite> <!-- Sanity Suite -->
</testng-results>
